This file contains any messages produced by compilers while
running configure, to aid debugging if configure makes a mistake.

It was created by configure, which was
generated by GNU Autoconf 2.69.  Invocation command line was

  $ ./configure 

## --------- ##
## Platform. ##
## --------- ##

hostname = patrick-mac
uname -m = x86_64
uname -r = 6.12.48+deb13-amd64
uname -s = Linux
uname -v = #1 SMP PREEMPT_DYNAMIC Debian 6.12.48-1 (2025-09-20)

/usr/bin/uname -p = unknown
/bin/uname -X     = unknown

/bin/arch              = x86_64
/usr/bin/arch -k       = unknown
/usr/convex/getsysinfo = unknown
/usr/bin/hostinfo      = unknown
/bin/machine           = unknown
/usr/bin/oslevel       = unknown
/bin/universe          = unknown

PATH: /home/patrick/.local/bin
PATH: /home/patrick/GNUstep/Tools
PATH: /Local/Tools
PATH: /System/Tools
PATH: /usr/local/bin
PATH: /usr/bin
PATH: /bin
PATH: /usr/local/games
PATH: /usr/games


## ----------- ##
## Core tests. ##
## ----------- ##

configure:1929: checking for pkg-config
configure:1947: found /usr/bin/pkg-config
configure:1959: result: /usr/bin/pkg-config
configure:1984: checking pkg-config is at least version 0.9.0
configure:1987: result: yes
configure:2002: checking for NETTLE
configure:2009: $PKG_CONFIG --exists --print-errors "nettle"
configure:2012: $? = 0
configure:2025: $PKG_CONFIG --exists --print-errors "nettle"
configure:2028: $? = 0
configure:2063: result: yes
configure:2122: checking for gcc
configure:2149: result: gcc
configure:2378: checking for C compiler version
configure:2387: gcc --version >&5
gcc (Debian 14.2.0-19) 14.2.0
Copyright (C) 2024 Free Software Foundation, Inc.
This is free software; see the source for copying conditions.  There is NO
warranty; not even for MERCHANTABILITY or FITNESS FOR A PARTICULAR PURPOSE.

configure:2398: $? = 0
configure:2387: gcc -v >&5
Using built-in specs.
COLLECT_GCC=gcc
COLLECT_LTO_WRAPPER=/usr/libexec/gcc/x86_64-linux-gnu/14/lto-wrapper
OFFLOAD_TARGET_NAMES=nvptx-none:amdgcn-amdhsa
OFFLOAD_TARGET_DEFAULT=1
Target: x86_64-linux-gnu
Configured with: ../src/configure -v --with-pkgversion='Debian 14.2.0-19' --with-bugurl=file:///usr/share/doc/gcc-14/README.Bugs --enable-languages=c,ada,c++,go,d,fortran,objc,obj-c++,m2,rust --prefix=/usr --with-gcc-major-version-only --program-suffix=-14 --program-prefix=x86_64-linux-gnu- --enable-shared --enable-linker-build-id --libexecdir=/usr/libexec --without-included-gettext --enable-threads=posix --libdir=/usr/lib --enable-nls --enable-bootstrap --enable-clocale=gnu --enable-libstdcxx-debug --enable-libstdcxx-time=yes --with-default-libstdcxx-abi=new --enable-libstdcxx-backtrace --enable-gnu-unique-object --disable-vtable-verify --enable-plugin --enable-default-pie --with-system-zlib --enable-libphobos-checking=release --with-target-system-zlib=auto --enable-objc-gc=auto --enable-multiarch --disable-werror --enable-cet --with-arch-32=i686 --with-abi=m64 --with-multilib-list=m32,m64,mx32 --enable-multilib --with-tune=generic --enable-offload-targets=nvptx-none=/build/reproducible-path/gcc-14-14.2.0/debian/tmp-nvptx/usr,amdgcn-amdhsa=/build/reproducible-path/gcc-14-14.2.0/debian/tmp-gcn/usr --enable-offload-defaulted --without-cuda-driver --enable-checking=release --build=x86_64-linux-gnu --host=x86_64-linux-gnu --target=x86_64-linux-gnu --with-build-config=bootstrap-lto-lean --enable-link-serialization=3
Thread model: posix
Supported LTO compression algorithms: zlib zstd
gcc version 14.2.0 (Debian 14.2.0-19) 
... rest of stderr output deleted ...
configure:2398: $? = 0
configure:2387: gcc -V >&5
gcc: error: unrecognized command-line option '-V'
gcc: fatal error: no input files
compilation terminated.
configure:2398: $? = 1
configure:2387: gcc -qversion >&5
gcc: error: unrecognized command-line option '-qversion'; did you mean '--version'?
gcc: fatal error: no input files
compilation terminated.
configure:2398: $? = 1
configure:2418: checking whether the C compiler works
configure:2440: gcc     conftest.c -lnettle   >&5
configure:2444: $? = 0
configure:2492: result: yes
configure:2495: checking for C compiler default output file name
configure:2497: result: a.out
configure:2503: checking for suffix of executables
configure:2510: gcc -o conftest     conftest.c -lnettle   >&5
configure:2514: $? = 0
configure:2536: result: 
configure:2558: checking whether we are cross compiling
configure:2566: gcc -o conftest     conftest.c -lnettle   >&5
configure:2570: $? = 0
configure:2577: ./conftest
configure:2581: $? = 0
configure:2596: result: no
configure:2601: checking for suffix of object files
configure:2623: gcc -c    conftest.c >&5
configure:2627: $? = 0
configure:2648: result: o
configure:2652: checking whether we are using the GNU C compiler
configure:2671: gcc -c    conftest.c >&5
configure:2671: $? = 0
configure:2680: result: yes
configure:2689: checking whether gcc accepts -g
configure:2709: gcc -c -g  conftest.c >&5
configure:2709: $? = 0
configure:2750: result: yes
configure:2767: checking for gcc option to accept ISO C89
configure:2830: gcc  -c    conftest.c >&5
configure:2830: $? = 0
configure:2843: result: none needed
configure:2866: checking for nettle_sha3_512_init
configure:2866: gcc -o conftest     conftest.c -lnettle   >&5
configure:2866: $? = 0
configure:2866: result: yes
configure:2895: checking for GNUTLS
configure:2902: $PKG_CONFIG --exists --print-errors "gnutls"
configure:2905: $? = 0
configure:2918: $PKG_CONFIG --exists --print-errors "gnutls"
configure:2921: $? = 0
configure:2956: result: yes
configure:2969: checking for gnutls_hash_fast
configure:2969: gcc -o conftest   -I/usr/include/p11-kit-1    conftest.c -lgnutls  -lnettle   >&5
configure:2969: $? = 0
configure:2969: result: yes
configure:3137: creating ./config.status

## ---------------------- ##
## Running config.status. ##
## ---------------------- ##

This file was extended by config.status, which was
generated by GNU Autoconf 2.69.  Invocation command line was

  CONFIG_FILES    = 
  CONFIG_HEADERS  = 
  CONFIG_LINKS    = 
  CONFIG_COMMANDS = 
  $ ./config.status 

on patrick-mac

config.status:728: creating config.make
config.status:728: creating config.h
config.status:728: creating GWSHash.h

## ---------------- ##
## Cache variables. ##
## ---------------- ##

ac_cv_c_compiler_gnu=yes
ac_cv_env_CC_set=
ac_cv_env_CC_value=
ac_cv_env_CFLAGS_set=
ac_cv_env_CFLAGS_value=
ac_cv_env_CPPFLAGS_set=
ac_cv_env_CPPFLAGS_value=
ac_cv_env_GNUTLS_CFLAGS_set=
ac_cv_env_GNUTLS_CFLAGS_value=
ac_cv_env_GNUTLS_LIBS_set=
ac_cv_env_GNUTLS_LIBS_value=
ac_cv_env_LDFLAGS_set=
ac_cv_env_LDFLAGS_value=
ac_cv_env_LIBS_set=
ac_cv_env_LIBS_value=
ac_cv_env_NETTLE_CFLAGS_set=
ac_cv_env_NETTLE_CFLAGS_value=
ac_cv_env_NETTLE_LIBS_set=
ac_cv_env_NETTLE_LIBS_value=
ac_cv_env_PKG_CONFIG_set=
ac_cv_env_PKG_CONFIG_value=
ac_cv_env_build_alias_set=
ac_cv_env_build_alias_value=
ac_cv_env_host_alias_set=
ac_cv_env_host_alias_value=
ac_cv_env_target_alias_set=
ac_cv_env_target_alias_value=
ac_cv_func_gnutls_hash_fast=yes
ac_cv_func_nettle_sha3_512_init=yes
ac_cv_objext=o
ac_cv_path_ac_pt_PKG_CONFIG=/usr/bin/pkg-config
ac_cv_prog_ac_ct_CC=gcc
ac_cv_prog_cc_c89=
ac_cv_prog_cc_g=yes
pkg_cv_GNUTLS_CFLAGS='-I/usr/include/p11-kit-1 '
pkg_cv_GNUTLS_LIBS='-lgnutls '
pkg_cv_NETTLE_CFLAGS=
pkg_cv_NETTLE_LIBS='-lnettle '

## ----------------- ##
## Output variables. ##
## ----------------- ##

CC='gcc'
CFLAGS='  -I/usr/include/p11-kit-1 '
CPPFLAGS=''
DEFS='-DPACKAGE_NAME=\"\" -DPACKAGE_TARNAME=\"\" -DPACKAGE_VERSION=\"\" -DPACKAGE_STRING=\"\" -DPACKAGE_BUGREPORT=\"\" -DPACKAGE_URL=\"\" -DHAVE_NETTLE_SHA3_512_INIT=1 -DHAVE_GNUTLS_HASH_FAST=1'
ECHO_C=''
ECHO_N='-n'
ECHO_T=''
EXEEXT=''
GNUTLS_CFLAGS='-I/usr/include/p11-kit-1 '
GNUTLS_LIBS='-lgnutls '
HAVE_GNUTLS='1'
HAVE_NETTLE='1'
LDFLAGS=''
LIBOBJS=''
LIBS='-lgnutls  -lnettle  '
LTLIBOBJS=''
NETTLE_CFLAGS=''
NETTLE_LIBS='-lnettle '
OBJEXT='o'
PACKAGE_BUGREPORT=''
PACKAGE_NAME=''
PACKAGE_STRING=''
PACKAGE_TARNAME=''
PACKAGE_URL=''
PACKAGE_VERSION=''
PATH_SEPARATOR=':'
PKG_CONFIG='/usr/bin/pkg-config'
SHELL='/bin/bash'
ac_ct_CC='gcc'
bindir='${exec_prefix}/bin'
build_alias=''
datadir='${datarootdir}'
datarootdir='${prefix}/share'
docdir='${datarootdir}/doc/${PACKAGE}'
dvidir='${docdir}'
exec_prefix='${prefix}'
host_alias=''
htmldir='${docdir}'
includedir='${prefix}/include'
infodir='${datarootdir}/info'
libdir='${exec_prefix}/lib'
libexecdir='${exec_prefix}/libexec'
localedir='${datarootdir}/locale'
localstatedir='${prefix}/var'
mandir='${datarootdir}/man'
oldincludedir='/usr/include'
pdfdir='${docdir}'
prefix='/usr/local'
program_transform_name='s,x,x,'
psdir='${docdir}'
sbindir='${exec_prefix}/sbin'
sharedstatedir='${prefix}/com'
sysconfdir='${prefix}/etc'
target_alias=''

## ----------- ##
## confdefs.h. ##
## ----------- ##

/* confdefs.h */
#define PACKAGE_NAME ""
#define PACKAGE_TARNAME ""
#define PACKAGE_VERSION ""
#define PACKAGE_STRING ""
#define PACKAGE_BUGREPORT ""
#define PACKAGE_URL ""
#define HAVE_NETTLE_SHA3_512_INIT 1
#define HAVE_GNUTLS_HASH_FAST 1

configure: exit 0
